<?xml version="1.0" encoding="UTF-8"?>
<testng-results total="2" passed="2" failed="0" skipped="0">
  <reporter-output>
    <line>
      <![CDATA[APPLICATION OPEN]]>
    </line>
    <line>
      <![CDATA[LOGIN COMPLETED]]>
    </line>
    <line>
      <![CDATA[LOGOUT COMPLETED]]>
    </line>
    <line>
      <![CDATA[APPLICATION CLOSE]]>
    </line>
    <line>
      <![CDATA[APPLICATION OPEN]]>
    </line>
    <line>
      <![CDATA[LOGIN COMPLETED]]>
    </line>
    <line>
      <![CDATA[MOUSEOVER COMPLETED]]>
    </line>
    <line>
      <![CDATA[EMPLOYEE ADD SUCCESSFULLY]]>
    </line>
    <line>
      <![CDATA[LOGOUT COMPLETED]]>
    </line>
    <line>
      <![CDATA[APPLICATION CLOSE]]>
    </line>
  </reporter-output>
  <suite started-at="2021-06-24T07:24:50Z" name="Suite1" finished-at="2021-06-24T07:25:38Z" duration-ms="47747">
    <groups>
    </groups>
    <test started-at="2021-06-24T07:24:50Z" name="Default test" finished-at="2021-06-24T07:25:38Z" duration-ms="47747">
      <class name="com.hrms.TestSripts.TC001">
        <test-method signature="tc001()[pri:0, instance:com.hrms.TestSripts.TC001@43c1b556]" started-at="2021-06-24T12:54:50Z" name="tc001" finished-at="2021-06-24T12:55:11Z" duration-ms="20726" status="PASS">
          <reporter-output>
            <line>
              <![CDATA[APPLICATION OPEN]]>
            </line>
            <line>
              <![CDATA[LOGIN COMPLETED]]>
            </line>
            <line>
              <![CDATA[LOGOUT COMPLETED]]>
            </line>
            <line>
              <![CDATA[APPLICATION CLOSE]]>
            </line>
          </reporter-output>
        </test-method> <!-- tc001 -->
      </class> <!-- com.hrms.TestSripts.TC001 -->
      <class name="com.hrms.TestSripts.TC002">
        <test-method signature="tc002()[pri:0, instance:com.hrms.TestSripts.TC002@7d8704ef]" started-at="2021-06-24T12:55:11Z" name="tc002" finished-at="2021-06-24T12:55:38Z" duration-ms="27006" status="PASS">
          <reporter-output>
            <line>
              <![CDATA[APPLICATION OPEN]]>
            </line>
            <line>
              <![CDATA[LOGIN COMPLETED]]>
            </line>
            <line>
              <![CDATA[MOUSEOVER COMPLETED]]>
            </line>
            <line>
              <![CDATA[EMPLOYEE ADD SUCCESSFULLY]]>
            </line>
            <line>
              <![CDATA[LOGOUT COMPLETED]]>
            </line>
            <line>
              <![CDATA[APPLICATION CLOSE]]>
            </line>
          </reporter-output>
        </test-method> <!-- tc002 -->
      </class> <!-- com.hrms.TestSripts.TC002 -->
    </test> <!-- Default test -->
  </suite> <!-- Suite1 -->
</testng-results>
